# JRE version: Java(TM) SE Runtime Environment (8.0_162-b12) (build 1.8.0_162-b12)
# Java VM: Java HotSpot(TM) 64-Bit Server VM (25.162-b12 mixed mode windows-amd64 compressed oops)
Heap:
 PSYoungGen      total 120320K, used 52041K [0x00000000d7500000, 0x00000000df880000, 0x0000000100000000)
  eden space 107008K, 48% used [0x00000000d7500000,0x00000000da7d2408,0x00000000ddd80000)
  from space 13312K, 0% used [0x00000000ddd80000,0x00000000ddd80000,0x00000000dea80000)
  to   space 11776K, 0% used [0x00000000dea80000,0x00000000dea80000,0x00000000df600000)
 ParOldGen       total 74752K, used 18165K [0x0000000085e00000, 0x000000008a700000, 0x00000000d7500000)
  object space 74752K, 24% used [0x0000000085e00000,0x0000000086fbd470,0x000000008a700000)
 Metaspace       used 46831K, capacity 48162K, committed 48640K, reserved 1091584K
  class space    used 6495K, capacity 6807K, committed 6912K, reserved 1048576K
GC Heap History (10 events):
Event: 4.530 GC heap before
{Heap before GC invocations=8 (full 2):
 PSYoungGen      total 66048K, used 3089K [0x00000000d7500000, 0x00000000dc400000, 0x0000000100000000)
  eden space 59392K, 0% used [0x00000000d7500000,0x00000000d7500000,0x00000000daf00000)
  from space 6656K, 46% used [0x00000000dbd80000,0x00000000dc084478,0x00000000dc400000)
  to   space 10752K, 0% used [0x00000000daf00000,0x00000000daf00000,0x00000000db980000)
 ParOldGen       total 47104K, used 5651K [0x0000000085e00000, 0x0000000088c00000, 0x00000000d7500000)
  object space 47104K, 11% used [0x0000000085e00000,0x0000000086384e88,0x0000000088c00000)
 Metaspace       used 23972K, capacity 24466K, committed 24832K, reserved 1071104K
  class space    used 3396K, capacity 3513K, committed 3584K, reserved 1048576K
Event: 4.592 GC heap after
Heap after GC invocations=8 (full 2):
 PSYoungGen      total 66048K, used 0K [0x00000000d7500000, 0x00000000dc400000, 0x0000000100000000)
  eden space 59392K, 0% used [0x00000000d7500000,0x00000000d7500000,0x00000000daf00000)
  from space 6656K, 0% used [0x00000000dbd80000,0x00000000dbd80000,0x00000000dc400000)
  to   space 10752K, 0% used [0x00000000daf00000,0x00000000daf00000,0x00000000db980000)
 ParOldGen       total 47104K, used 8309K [0x0000000085e00000, 0x0000000088c00000, 0x00000000d7500000)
  object space 47104K, 17% used [0x0000000085e00000,0x000000008661d7a8,0x0000000088c00000)
 Metaspace       used 23972K, capacity 24466K, committed 24832K, reserved 1071104K
  class space    used 3396K, capacity 3513K, committed 3584K, reserved 1048576K
}
Event: 6.598 GC heap before
{Heap before GC invocations=9 (full 2):
 PSYoungGen      total 66048K, used 59392K [0x00000000d7500000, 0x00000000dc400000, 0x0000000100000000)
  eden space 59392K, 100% used [0x00000000d7500000,0x00000000daf00000,0x00000000daf00000)
  from space 6656K, 0% used [0x00000000dbd80000,0x00000000dbd80000,0x00000000dc400000)
  to   space 10752K, 0% used [0x00000000daf00000,0x00000000daf00000,0x00000000db980000)
 ParOldGen       total 47104K, used 8309K [0x0000000085e00000, 0x0000000088c00000, 0x00000000d7500000)
  object space 47104K, 17% used [0x0000000085e00000,0x000000008661d7a8,0x0000000088c00000)
 Metaspace       used 30498K, capacity 31072K, committed 31360K, reserved 1077248K
  class space    used 4280K, capacity 4438K, committed 4480K, reserved 1048576K
Event: 6.607 GC heap after
Heap after GC invocations=9 (full 2):
 PSYoungGen      total 70144K, used 9273K [0x00000000d7500000, 0x00000000df600000, 0x0000000100000000)
  eden space 59392K, 0% used [0x00000000d7500000,0x00000000d7500000,0x00000000daf00000)
  from space 10752K, 86% used [0x00000000daf00000,0x00000000db80e7d0,0x00000000db980000)
  to   space 11776K, 0% used [0x00000000dea80000,0x00000000dea80000,0x00000000df600000)
 ParOldGen       total 47104K, used 8317K [0x0000000085e00000, 0x0000000088c00000, 0x00000000d7500000)
  object space 47104K, 17% used [0x0000000085e00000,0x000000008661f7a8,0x0000000088c00000)
 Metaspace       used 30498K, capacity 31072K, committed 31360K, reserved 1077248K
  class space    used 4280K, capacity 4438K, committed 4480K, reserved 1048576K
}
Event: 7.450 GC heap before
{Heap before GC invocations=10 (full 2):
 PSYoungGen      total 70144K, used 68665K [0x00000000d7500000, 0x00000000df600000, 0x0000000100000000)
  eden space 59392K, 100% used [0x00000000d7500000,0x00000000daf00000,0x00000000daf00000)
  from space 10752K, 86% used [0x00000000daf00000,0x00000000db80e7d0,0x00000000db980000)
  to   space 11776K, 0% used [0x00000000dea80000,0x00000000dea80000,0x00000000df600000)
 ParOldGen       total 47104K, used 8317K [0x0000000085e00000, 0x0000000088c00000, 0x00000000d7500000)
  object space 47104K, 17% used [0x0000000085e00000,0x000000008661f7a8,0x0000000088c00000)
 Metaspace       used 34551K, capacity 35524K, committed 35840K, reserved 1079296K
  class space    used 4808K, capacity 5006K, committed 5120K, reserved 1048576K
Event: 7.473 GC heap after
Heap after GC invocations=10 (full 2):
 PSYoungGen      total 118784K, used 11090K [0x00000000d7500000, 0x00000000df880000, 0x0000000100000000)
  eden space 107008K, 0% used [0x00000000d7500000,0x00000000d7500000,0x00000000ddd80000)
  from space 11776K, 94% used [0x00000000dea80000,0x00000000df554bd0,0x00000000df600000)
  to   space 13312K, 0% used [0x00000000ddd80000,0x00000000ddd80000,0x00000000dea80000)
 ParOldGen       total 47104K, used 8325K [0x0000000085e00000, 0x0000000088c00000, 0x00000000d7500000)
  object space 47104K, 17% used [0x0000000085e00000,0x00000000866217a8,0x0000000088c00000)
 Metaspace       used 34551K, capacity 35524K, committed 35840K, reserved 1079296K
  class space    used 4808K, capacity 5006K, committed 5120K, reserved 1048576K
}
Event: 8.584 GC heap before
{Heap before GC invocations=11 (full 2):
 PSYoungGen      total 118784K, used 53496K [0x00000000d7500000, 0x00000000df880000, 0x0000000100000000)
  eden space 107008K, 39% used [0x00000000d7500000,0x00000000d9e696c8,0x00000000ddd80000)
  from space 11776K, 94% used [0x00000000dea80000,0x00000000df554bd0,0x00000000df600000)
  to   space 13312K, 0% used [0x00000000ddd80000,0x00000000ddd80000,0x00000000dea80000)
 ParOldGen       total 47104K, used 8325K [0x0000000085e00000, 0x0000000088c00000, 0x00000000d7500000)
  object space 47104K, 17% used [0x0000000085e00000,0x00000000866217a8,0x0000000088c00000)
 Metaspace       used 40191K, capacity 41320K, committed 41388K, reserved 1085440K
  class space    used 5621K, capacity 5860K, committed 5888K, reserved 1048576K
Event: 8.618 GC heap after
Heap after GC invocations=11 (full 2):
 PSYoungGen      total 120320K, used 12509K [0x00000000d7500000, 0x00000000df880000, 0x0000000100000000)
  eden space 107008K, 0% used [0x00000000d7500000,0x00000000d7500000,0x00000000ddd80000)
  from space 13312K, 93% used [0x00000000ddd80000,0x00000000de9b7480,0x00000000dea80000)
  to   space 11776K, 0% used [0x00000000dea80000,0x00000000dea80000,0x00000000df600000)
 ParOldGen       total 47104K, used 8333K [0x0000000085e00000, 0x0000000088c00000, 0x00000000d7500000)
  object space 47104K, 17% used [0x0000000085e00000,0x00000000866237a8,0x0000000088c00000)
 Metaspace       used 40191K, capacity 41320K, committed 41388K, reserved 1085440K
  class space    used 5621K, capacity 5860K, committed 5888K, reserved 1048576K
}
Event: 8.618 GC heap before
{Heap before GC invocations=12 (full 3):
 PSYoungGen      total 120320K, used 12509K [0x00000000d7500000, 0x00000000df880000, 0x0000000100000000)
  eden space 107008K, 0% used [0x00000000d7500000,0x00000000d7500000,0x00000000ddd80000)
  from space 13312K, 93% used [0x00000000ddd80000,0x00000000de9b7480,0x00000000dea80000)
  to   space 11776K, 0% used [0x00000000dea80000,0x00000000dea80000,0x00000000df600000)
 ParOldGen       total 47104K, used 8333K [0x0000000085e00000, 0x0000000088c00000, 0x00000000d7500000)
  object space 47104K, 17% used [0x0000000085e00000,0x00000000866237a8,0x0000000088c00000)
 Metaspace       used 40191K, capacity 41320K, committed 41388K, reserved 1085440K
  class space    used 5621K, capacity 5860K, committed 5888K, reserved 1048576K
Event: 8.795 GC heap after
Heap after GC invocations=12 (full 3):
 PSYoungGen      total 120320K, used 0K [0x00000000d7500000, 0x00000000df880000, 0x0000000100000000)
  eden space 107008K, 0% used [0x00000000d7500000,0x00000000d7500000,0x00000000ddd80000)
  from space 13312K, 0% used [0x00000000ddd80000,0x00000000ddd80000,0x00000000dea80000)
  to   space 11776K, 0% used [0x00000000dea80000,0x00000000dea80000,0x00000000df600000)
 ParOldGen       total 74752K, used 18165K [0x0000000085e00000, 0x000000008a700000, 0x00000000d7500000)
  object space 74752K, 24% used [0x0000000085e00000,0x0000000086fbd470,0x000000008a700000)
 Metaspace       used 40184K, capacity 41304K, committed 41388K, reserved 1085440K
  class space    used 5618K, capacity 5856K, committed 5888K, reserved 1048576K
}

