# JRE version: Java(TM) SE Runtime Environment (8.0_162-b12) (build 1.8.0_162-b12)
# Java VM: Java HotSpot(TM) 64-Bit Server VM (25.162-b12 mixed mode windows-amd64 compressed oops)
Heap:
 PSYoungGen      total 133632K, used 54410K [0x00000000d7500000, 0x00000000e2600000, 0x0000000100000000)
  eden space 119296K, 45% used [0x00000000d7500000,0x00000000daa22998,0x00000000de980000)
  from space 14336K, 0% used [0x00000000e1800000,0x00000000e1800000,0x00000000e2600000)
  to   space 10752K, 0% used [0x00000000de980000,0x00000000de980000,0x00000000df400000)
 ParOldGen       total 56320K, used 18542K [0x0000000085e00000, 0x0000000089500000, 0x00000000d7500000)
  object space 56320K, 32% used [0x0000000085e00000,0x000000008701ba40,0x0000000089500000)
 Metaspace       used 46852K, capacity 48176K, committed 48384K, reserved 1091584K
  class space    used 6500K, capacity 6810K, committed 6912K, reserved 1048576K
GC Heap History (10 events):
Event: 5.772 GC heap before
{Heap before GC invocations=7 (full 1):
 PSYoungGen      total 68608K, used 25394K [0x00000000d7500000, 0x00000000e0500000, 0x0000000100000000)
  eden space 63488K, 39% used [0x00000000d7500000,0x00000000d8dcca70,0x00000000db300000)
  from space 5120K, 0% used [0x00000000db300000,0x00000000db300000,0x00000000db800000)
  to   space 10240K, 0% used [0x00000000dfb00000,0x00000000dfb00000,0x00000000e0500000)
 ParOldGen       total 56320K, used 5722K [0x0000000085e00000, 0x0000000089500000, 0x00000000d7500000)
  object space 56320K, 10% used [0x0000000085e00000,0x0000000086396ae0,0x0000000089500000)
 Metaspace       used 23985K, capacity 24466K, committed 24832K, reserved 1071104K
  class space    used 3398K, capacity 3513K, committed 3584K, reserved 1048576K
Event: 5.778 GC heap after
Heap after GC invocations=7 (full 1):
 PSYoungGen      total 103424K, used 3189K [0x00000000d7500000, 0x00000000dfe80000, 0x0000000100000000)
  eden space 99840K, 0% used [0x00000000d7500000,0x00000000d7500000,0x00000000dd680000)
  from space 3584K, 88% used [0x00000000dfb00000,0x00000000dfe1d5a0,0x00000000dfe80000)
  to   space 10752K, 0% used [0x00000000de980000,0x00000000de980000,0x00000000df400000)
 ParOldGen       total 56320K, used 5722K [0x0000000085e00000, 0x0000000089500000, 0x00000000d7500000)
  object space 56320K, 10% used [0x0000000085e00000,0x0000000086396ae0,0x0000000089500000)
 Metaspace       used 23985K, capacity 24466K, committed 24832K, reserved 1071104K
  class space    used 3398K, capacity 3513K, committed 3584K, reserved 1048576K
}
Event: 5.778 GC heap before
{Heap before GC invocations=8 (full 2):
 PSYoungGen      total 103424K, used 3189K [0x00000000d7500000, 0x00000000dfe80000, 0x0000000100000000)
  eden space 99840K, 0% used [0x00000000d7500000,0x00000000d7500000,0x00000000dd680000)
  from space 3584K, 88% used [0x00000000dfb00000,0x00000000dfe1d5a0,0x00000000dfe80000)
  to   space 10752K, 0% used [0x00000000de980000,0x00000000de980000,0x00000000df400000)
 ParOldGen       total 56320K, used 5722K [0x0000000085e00000, 0x0000000089500000, 0x00000000d7500000)
  object space 56320K, 10% used [0x0000000085e00000,0x0000000086396ae0,0x0000000089500000)
 Metaspace       used 23985K, capacity 24466K, committed 24832K, reserved 1071104K
  class space    used 3398K, capacity 3513K, committed 3584K, reserved 1048576K
Event: 5.881 GC heap after
Heap after GC invocations=8 (full 2):
 PSYoungGen      total 103424K, used 0K [0x00000000d7500000, 0x00000000dfe80000, 0x0000000100000000)
  eden space 99840K, 0% used [0x00000000d7500000,0x00000000d7500000,0x00000000dd680000)
  from space 3584K, 0% used [0x00000000dfb00000,0x00000000dfb00000,0x00000000dfe80000)
  to   space 10752K, 0% used [0x00000000de980000,0x00000000de980000,0x00000000df400000)
 ParOldGen       total 56320K, used 8306K [0x0000000085e00000, 0x0000000089500000, 0x00000000d7500000)
  object space 56320K, 14% used [0x0000000085e00000,0x000000008661cad0,0x0000000089500000)
 Metaspace       used 23985K, capacity 24466K, committed 24832K, reserved 1071104K
  class space    used 3398K, capacity 3513K, committed 3584K, reserved 1048576K
}
Event: 9.414 GC heap before
{Heap before GC invocations=9 (full 2):
 PSYoungGen      total 103424K, used 99840K [0x00000000d7500000, 0x00000000dfe80000, 0x0000000100000000)
  eden space 99840K, 100% used [0x00000000d7500000,0x00000000dd680000,0x00000000dd680000)
  from space 3584K, 0% used [0x00000000dfb00000,0x00000000dfb00000,0x00000000dfe80000)
  to   space 10752K, 0% used [0x00000000de980000,0x00000000de980000,0x00000000df400000)
 ParOldGen       total 56320K, used 8306K [0x0000000085e00000, 0x0000000089500000, 0x00000000d7500000)
  object space 56320K, 14% used [0x0000000085e00000,0x000000008661cad0,0x0000000089500000)
 Metaspace       used 34119K, capacity 35042K, committed 35200K, reserved 1079296K
  class space    used 4749K, capacity 4963K, committed 4992K, reserved 1048576K
Event: 9.434 GC heap after
Heap after GC invocations=9 (full 2):
 PSYoungGen      total 130048K, used 10745K [0x00000000d7500000, 0x00000000e2600000, 0x0000000100000000)
  eden space 119296K, 0% used [0x00000000d7500000,0x00000000d7500000,0x00000000de980000)
  from space 10752K, 99% used [0x00000000de980000,0x00000000df3fe4f8,0x00000000df400000)
  to   space 14336K, 0% used [0x00000000e1800000,0x00000000e1800000,0x00000000e2600000)
 ParOldGen       total 56320K, used 12662K [0x0000000085e00000, 0x0000000089500000, 0x00000000d7500000)
  object space 56320K, 22% used [0x0000000085e00000,0x0000000086a5d8d8,0x0000000089500000)
 Metaspace       used 34119K, capacity 35042K, committed 35200K, reserved 1079296K
  class space    used 4749K, capacity 4963K, committed 4992K, reserved 1048576K
}
Event: 11.615 GC heap before
{Heap before GC invocations=10 (full 2):
 PSYoungGen      total 130048K, used 76645K [0x00000000d7500000, 0x00000000e2600000, 0x0000000100000000)
  eden space 119296K, 55% used [0x00000000d7500000,0x00000000db55afe8,0x00000000de980000)
  from space 10752K, 99% used [0x00000000de980000,0x00000000df3fe4f8,0x00000000df400000)
  to   space 14336K, 0% used [0x00000000e1800000,0x00000000e1800000,0x00000000e2600000)
 ParOldGen       total 56320K, used 12662K [0x0000000085e00000, 0x0000000089500000, 0x00000000d7500000)
  object space 56320K, 22% used [0x0000000085e00000,0x0000000086a5d8d8,0x0000000089500000)
 Metaspace       used 40129K, capacity 41276K, committed 41388K, reserved 1085440K
  class space    used 5598K, capacity 5838K, committed 5888K, reserved 1048576K
Event: 11.634 GC heap after
Heap after GC invocations=10 (full 2):
 PSYoungGen      total 133632K, used 12894K [0x00000000d7500000, 0x00000000e2600000, 0x0000000100000000)
  eden space 119296K, 0% used [0x00000000d7500000,0x00000000d7500000,0x00000000de980000)
  from space 14336K, 89% used [0x00000000e1800000,0x00000000e2497ba0,0x00000000e2600000)
  to   space 10752K, 0% used [0x00000000de980000,0x00000000de980000,0x00000000df400000)
 ParOldGen       total 56320K, used 12734K [0x0000000085e00000, 0x0000000089500000, 0x00000000d7500000)
  object space 56320K, 22% used [0x0000000085e00000,0x0000000086a6f8e8,0x0000000089500000)
 Metaspace       used 40129K, capacity 41276K, committed 41388K, reserved 1085440K
  class space    used 5598K, capacity 5838K, committed 5888K, reserved 1048576K
}
Event: 11.634 GC heap before
{Heap before GC invocations=11 (full 3):
 PSYoungGen      total 133632K, used 12894K [0x00000000d7500000, 0x00000000e2600000, 0x0000000100000000)
  eden space 119296K, 0% used [0x00000000d7500000,0x00000000d7500000,0x00000000de980000)
  from space 14336K, 89% used [0x00000000e1800000,0x00000000e2497ba0,0x00000000e2600000)
  to   space 10752K, 0% used [0x00000000de980000,0x00000000de980000,0x00000000df400000)
 ParOldGen       total 56320K, used 12734K [0x0000000085e00000, 0x0000000089500000, 0x00000000d7500000)
  object space 56320K, 22% used [0x0000000085e00000,0x0000000086a6f8e8,0x0000000089500000)
 Metaspace       used 40129K, capacity 41276K, committed 41388K, reserved 1085440K
  class space    used 5598K, capacity 5838K, committed 5888K, reserved 1048576K
Event: 11.741 GC heap after
Heap after GC invocations=11 (full 3):
 PSYoungGen      total 133632K, used 0K [0x00000000d7500000, 0x00000000e2600000, 0x0000000100000000)
  eden space 119296K, 0% used [0x00000000d7500000,0x00000000d7500000,0x00000000de980000)
  from space 14336K, 0% used [0x00000000e1800000,0x00000000e1800000,0x00000000e2600000)
  to   space 10752K, 0% used [0x00000000de980000,0x00000000de980000,0x00000000df400000)
 ParOldGen       total 56320K, used 18542K [0x0000000085e00000, 0x0000000089500000, 0x00000000d7500000)
  object space 56320K, 32% used [0x0000000085e00000,0x000000008701ba40,0x0000000089500000)
 Metaspace       used 40106K, capacity 41212K, committed 41388K, reserved 1085440K
  class space    used 5590K, capacity 5824K, committed 5888K, reserved 1048576K
}

